> Building...
√ Building...
Initial chunk files | Names             |  Raw size
scripts.js          | scripts           | 783.54 kB | 
main.js             | main              |  56.72 kB | 
chunk-IXJVACYZ.js   | -                 |   2.54 kB | 
chunk-L4ZVQVIR.js   | -                 |   2.31 kB | 
chunk-GOMI4DH3.js   | -                 |   1.37 kB | 
chunk-2RXHTWJM.js   | -                 | 643 bytes | 
styles.css          | styles            |  96 bytes | 

                    | Initial total     | 847.22 kB

Lazy chunk files    | Names             |  Raw size
chunk-3FECHATP.js   | main-layout       | 132.08 kB | 
chunk-ISJMDY7Z.js   | car-details       |  60.20 kB | 
chunk-6I3WTSCA.js   | car-listing       |  45.19 kB | 
chunk-A5REFCXF.js   | account-messages  |  21.22 kB | 
chunk-6W64RBUP.js   | account-profile   |  18.40 kB | 
chunk-ZTKWPGWX.js   | account-dashboard |  17.82 kB | 
chunk-BVPTTNNS.js   | register          |  17.82 kB | 
chunk-WWZQUTXR.js   | account-shell     |  16.11 kB | 
chunk-PLO42IOH.js   | account-settings  |  16.06 kB | 
chunk-Y25AKYHG.js   | login             |  14.51 kB | 
chunk-DR27AVQS.js   | -                 |  14.33 kB | 
chunk-OXD5KFGJ.js   | account-listings  |  12.83 kB | 
chunk-3QIBNLGM.js   | account-favorites |   7.85 kB | 
chunk-OEJJJLA2.js   | -                 |   7.74 kB | 
chunk-DSB2OPAV.js   | -                 |   4.89 kB | 
...and 7 more lazy chunks files. Use "--verbose" to show all the files.

Application bundle generation complete. [53.920 seconds] - 2026-07-14T22:20:25.212Z

Watch mode enabled. Watching for file changes...
NOTE: Raw file sizes do not reflect development server per-request transformations.
  [32m➜[39m  [1mLocal[22m:   [36mhttp://127.0.0.1:[1m4200[22m/[39m
